          0 da39a3ee5e6b4b0d3255bfef95601890afd80709
          1 86f7e437faa5a7fce15d1ddcb9eaeaea377667b8
          2 da23614e02469a0d7c7bd1bdab5c9c474b1904dc
          3 a9993e364706816aba3e25717850c26c9cd0d89d
          4 81fe8bfe87576c3ecb22426f8e57847382917acf
          5 03de6c570bfe24bfc328ccd7ca46b76eadaf4334
          6 1f8ac10f23c5b5bc1167bda84b833e5c057a77d2
          7 2fb5e13419fc89246865e7a324f476ec624e8740
          8 425af12a0743502b322e93a015bcf868e324d56a
          9 c63b19f1e4c8b5f76b25c49b8b87f57d8e4872a1
         10 d68c19a0a345b7eab78d5e11e991c026ec60db63
         11 5dfac39f71ad4d35a153ba4fc12d943a0e178e6a
         12 eb4608cebfcfd4df81410cbd06507ea6af978d9c
         13 4b9892b6527214afc655b8aa52f4d203c15e7c9c
         14 85d7c5ff403abe72df5b8a2708821ee33cd0bcce
         15 2938dcc2e3aa77987c7e5d4a0f26966706d06782
         16 14f3995288acd189e6e50a7af47ee7099aa682b9
         17 d83d621fcd2d4d2985547043a7a5fd4d0a090a54
         18 e381fe42c57e48a082178641effd1cb90771021a
         19 893e69ff0109f3459c4243013b3de8b12b41a30e
         20 14a23ad70f2a5dd725575de6c43e1cdd8b15e3e5
         21 eca986b95d587f34d71ca7752a4e0010bfb5c6f4
         22 c436f0485bf34625ff7764ead634bccd875b514d
         23 f41a73ec7a087859800f5c4cbf71e94487346b6c
         24 d717e22e1659305fad6ef08864923db64aba9c08
         25 97b2cc05c4620ebf4ce1330623b950a4a171f7e2
         26 32d10c7b8cf96570ca04ce37f2a19d84240d3a89
         27 ea480db814cfe4a11950f062f41d6ae4eaed75b1
         28 b4536b8619d7ae2b7e865e1dc8c789e867041e68
         29 0074786f4b18984d6c198ff2e18ea8c982952b48
         30 8f9e47cadeffafa933683fd256f00c9cf6cc2c51
         31 57b45e4705b897afce805f2999f4930b1eb4dbf4
         32 3b7ccbbc266830cc3d2f8297a705d659c513ee8a
         33 fb14fa73d2d8e3aa4d682793aaa1d828151311c9
         34 5992493cb081b3b287aaba4db77fd3953fc7e22b
         35 0bbb1cfb83a5a3b0903fae0b6eb7e498905eea22
         36 254ae957a4e924e2b48763bffb72115baf6de333
         37 aaa9bd78c7ac15cbef271f957b20e7529ece9637
         38 708f3c6c9908251c76343946165e29940c61bbc7
         39 52af0b6af03e26bc3af3eca6f961d1a3d3d6bf6e
         40 4bc31373dcfa04765713d4f499fc47f6227eef68
         41 cdfdf4d46536ba9fa296a6ed022ab6ec1df2ad5c
         42 4b847f70e754331b85d5df4b8a3237a46233d00d
         43 8182ab96845ec15506933731b2758d614e63cd6c
         44 81b4ca503f16fa02f74e375f22fb4f686eb723b0
         45 3f4da22571df5f79d63a9507fe2225824a92c8a2
         46 7d0adb03889b333a81e767e36dface767a5b4af6
         47 09d76359efd8afb9c1e61b629205d4b5a8fdfec1
         48 53b52f27bc93be0d2115c088f70a8682a8679bda
         49 81e7b04a7a14cd116e64c3ce53e10d1101863c67
         50 33ae166cde61ec8a1061045f18cc2513ab7ec105
         51 7a2b08c98f3e8ba71c7017103958d99084545c5a
         52 db16441c4b330570a9ac83b0e0b006fcd74cc32b
         53 887eb8958888024972fba71fd98fab0c9f6da279
         54 c2725b307649a44556117fc43c954cdb4799f9cc
         55 ed8b55273b7180b9a64b763ffd802939834d6d6c
         56 329c9c4de87d10dec65d56fdfb41da089cbf2a62
         57 b06471185f50f52e0e487dc13bde2c319c5b7874
         58 a6226fc4c04a2c7456b1b7d53edeb38d3f2c98d0
         59 668c39e8af5e4eeb0c5ba97ff30516bde2cccb88
         60 c5577bc06634f898f86686de57af82b7c5e40358
         61 fc1daf923163178197d564e8dcfd58aca00bc31f
         62 f43b04e4a98aebe3c874514f11a73dbd7d6c150b
         63 1535ba2d682ed08dbc78b64c8569b0c03a925c68
         64 9061bcd4f7607627fb527e0b6839b5662e51fbec
         65 47946e48d7e92638b8ab8909c9e29bbe1a792705
         66 232aa3ccec5717a25172a3c7a532e10c444986ca
         67 ddabb0315e56b1448abccbf1e1468b580efefb1a
         68 97e1b704c1900bdc84dd8b8af30aa5909184f212
         69 ff1a07f24128a3c71c357f9b726a1e4e774685b9
         70 28018bab734afb72ef263151354f47ecd8ccc5c4
         71 b90421321a58a1d1b35f7830c765ed6bfd4be669
         72 0ddbf375c34a1b46caf8777b9146e34b3d1b2fc5
         73 0af3582cc63818c8941acbbc757b0e3efb277bf2
         74 b5149b214da7124b54743d12c3aaf88cec03da4f
         75 880f2cb87ac18e05ab52e1affc4ae6d95e5e02bc
         76 25b2f3aa943f4857549aa51b4a69ab93b597a916
         77 0fbd319573fabdde01fa330fd2b39ebea3261cbb
         78 7274973a093f5edc8c8666ceb4f99c5a534ad4ba
         79 3d61c095f04b829b1e8aabbe3d3e583ddbdf2e45
         80 3d802a83bd1c085c933cd7f417abc1ce6c7d3ab3
         81 e4c12ba0f3d21651b812aab8efd30c3e774f26f0
         82 730f070bf65ddd9477dec609afd6f349fcc02626
         83 524d555bf5bf5b41b6a2d0e6f8754e97e3924cf4
         84 002f38a3f364fbf30082df62d48902369c23078a
         85 d2870a6f4bc4ba80ef06e90f37d87718fef51e80
         86 6a695fa55b64cbc45f7e913e519a042acec61000
         87 5a458f8d4f40b12ca878f076d48b5a4bdec9d21c
         88 c83f9968256284155835338b4aa3a8aa9b47e525
         89 cef76f89dfae70b83ca4b66e1f1d9eb1903c620e
         90 7f4be93f4e521b842a9843d4baa5214c9db4a0dc
         91 cfa796f927109c33dae64251a566f592f6b2d9cc
         92 28053f9eb50543f7e56d8d3319916a995bd8e2b6
         93 e242decc6912fb8e33e6ef8d43db6e3b71c46c65
         94 4038ca9b487bcd02a81969b8811b7d7c4a3a9269
         95 87d6c1961514983fe68093e2317b21f764a775d6
         96 0560582355d77a154c4d3cf4240b39b08b52b449
         97 df7183d531e337d343b810c3e180eddbb89b2e23
         98 419d7911784ee7f29c04ca9b70b667df488ab718
         99 d861f47dd289ceb05e34d04fab99cd4102beac6f
        100 479fb66c43b7212f1a6135ae22027050c9c74877
        101 a66c7b44bd7487bc621084439de035722d49489b
        102 2446b0633dba84490dfcf2acfb0cb9c877053187
        103 0a99cf0565607ace89652d8c261b1f77607611f1
        104 3eaa94fd00fe9626f0f9ea4f14017c927e9ccee5
        105 7be7848c33d22f6b757315da4ed5b9e234e53716
        106 9004ff85f233a9c70ace9cd04c0f93468fc6ca63
        107 b231594951ed74e0ace92c504dc6715a9e071a79
        108 16d1900be44f858dad438fb1e43d7fd300f04d28
        109 5237273afd768d2d0f7c6151fb44cd122834aefa
        110 3102bbda4e030c9542720141509cba78c4a919f5
        111 292dcda3b4192f031d4859b0aaa7265195dc9b44
        112 9a3a8e2082c63529c6f8413c3eaa5bbd0e70c830
        113 773ef5403b864691cdcfe642e315517fe43b6401
        114 f22383b3edb4a354ac3702bc399c363e08ae510b
        115 fa5e9fab0bbfd147cf2ad54911c9696d545dd94f
        116 111fd0a25bdb115d68155609b0fdd2668aa7ffd1
        117 9d47a1053f6683f2ac5fe97f222ef72c8a1c37df
        118 5cc84d6c4b3a80f6a92dccf4eb914cbb4e298072
        119 e6c373c989a0cbb20598d8bcc5961b7e8c4c8042
        120 b450745fc06806efc7d56e6f0b51719db5154d97
        121 5cd6809077a3e72c97c26e286d67655de64cd373
        122 b68d72593be862d6913852b573214e1b9acea4e0
        123 2964d6eefbcb771bed4311618ffa4fb533551d83
        124 706a8f3bba01c9a5ce8c8feceee505e9ca8c6fda
        125 fde52820b0bf3acc2e6db02d39709307995cacba
        126 181a8a91a804d755d2081450541f04a3570135b3
        127 6f507a21e085793661bbec875d0586b35d785a50
        128 e7071676f44dd20127173ae2b9deb45732e42010
        129 PASSED
